{"contracts\\SimpleTimeLock.sol":{"l":{"15":0,"16":0,"20":1},"path":"D:\\projects\\ethereum\\polkalokr\\lokr-smart-contract\\contracts\\SimpleTimeLock.sol","s":{"1":0,"2":0,"3":1},"b":{},"f":{"1":0,"2":1},"fnMap":{"1":{"name":"withdraw","line":14,"loc":{"start":{"line":14,"column":4},"end":{"line":17,"column":4}}},"2":{"name":"setValue","line":19,"loc":{"start":{"line":19,"column":4},"end":{"line":21,"column":4}}}},"statementMap":{"1":{"start":{"line":15,"column":8},"end":{"line":15,"column":56}},"2":{"start":{"line":16,"column":8},"end":{"line":16,"column":48}},"3":{"start":{"line":20,"column":8},"end":{"line":20,"column":21}}},"branchMap":{}}}